build/app/intermediates/manifest_merge_blame_file/debug/manifest-merger-blame-debug-report.txt
1<?xml version="1.0" encoding="utf-8"?>
2<manifest xmlns:android="http://schemas.android.com/apk/res/android"
3    package="com.example.image_to_text_converter"
4    android:versionCode="1"
5    android:versionName="1.0.0" >
6
7    <uses-sdk
8        android:minSdkVersion="16"
9        android:targetSdkVersion="29" />
10    <!--
11         Flutter needs it to communicate with the running application
12         to allow setting breakpoints, to provide hot reload, etc.
13    -->
14    <uses-permission android:name="android.permission.INTERNET" />
14-->src/debug/AndroidManifest.xml:6:5-66
14-->src/debug/AndroidManifest.xml:6:22-64
15    <uses-permission android:name="android.permission.READ_EXTERNAL_STORAGE" />
15-->[:image_picker] AndroidManifest.xml:7:5-80
15-->[:image_picker] AndroidManifest.xml:7:22-77
16    <uses-permission android:name="android.permission.WRITE_EXTERNAL_STORAGE" />
16-->[:image_picker] AndroidManifest.xml:8:5-81
16-->[:image_picker] AndroidManifest.xml:8:22-78
17    <uses-permission android:name="android.permission.ACCESS_NETWORK_STATE" />
17-->[com.google.firebase:firebase-iid:18.0.0] AndroidManifest.xml:22:5-79
17-->[com.google.firebase:firebase-iid:18.0.0] AndroidManifest.xml:22:22-76
18    <uses-permission android:name="android.permission.WAKE_LOCK" /> <!-- Required by older versions of Google Play services to create IID tokens -->
18-->[com.google.firebase:firebase-iid:18.0.0] AndroidManifest.xml:24:5-68
18-->[com.google.firebase:firebase-iid:18.0.0] AndroidManifest.xml:24:22-65
19    <uses-permission android:name="com.google.android.c2dm.permission.RECEIVE" />
19-->[com.google.firebase:firebase-iid:18.0.0] AndroidManifest.xml:26:5-82
19-->[com.google.firebase:firebase-iid:18.0.0] AndroidManifest.xml:26:22-79
20    <!--
21 io.flutter.app.FlutterApplication is an android.app.Application that
22         calls FlutterMain.startInitialization(this); in its onCreate method.
23         In most cases you can leave this as-is, but you if you want to provide
24         additional functionality it is fine to subclass or reimplement
25         FlutterApplication and put your custom class here.
26    -->
27    <application
27-->src/main/AndroidManifest.xml:8:5-49:19
28        android:name="io.flutter.app.FlutterApplication"
28-->src/main/AndroidManifest.xml:9:9-57
29        android:appComponentFactory="androidx.core.app.CoreComponentFactory"
29-->[androidx.core:core:1.1.0] AndroidManifest.xml:24:18-86
30        android:debuggable="true"
31        android:icon="@mipmap/ic_launcher"
31-->src/main/AndroidManifest.xml:11:9-43
32        android:label="image_to_text_converter" >
32-->src/main/AndroidManifest.xml:10:9-48
33        <activity
33-->src/main/AndroidManifest.xml:12:9-40:20
34            android:name="com.example.image_to_text_converter.MainActivity"
34-->src/main/AndroidManifest.xml:13:13-41
35            android:configChanges="orientation|keyboardHidden|keyboard|screenSize|smallestScreenSize|locale|layoutDirection|fontScale|screenLayout|density|uiMode"
35-->src/main/AndroidManifest.xml:16:13-163
36            android:hardwareAccelerated="true"
36-->src/main/AndroidManifest.xml:17:13-47
37            android:launchMode="singleTop"
37-->src/main/AndroidManifest.xml:14:13-43
38            android:theme="@style/LaunchTheme"
38-->src/main/AndroidManifest.xml:15:13-47
39            android:windowSoftInputMode="adjustResize" >
39-->src/main/AndroidManifest.xml:18:13-55
40
41            <!--
42                 Specifies an Android theme to apply to this Activity as soon as
43                 the Android process has started. This theme is visible to the user
44                 while the Flutter UI initializes. After that, this theme continues
45                 to determine the Window background behind the Flutter UI.
46            -->
47            <meta-data
47-->src/main/AndroidManifest.xml:23:13-26:17
48                android:name="io.flutter.embedding.android.NormalTheme"
48-->src/main/AndroidManifest.xml:24:15-70
49                android:resource="@style/NormalTheme" />
49-->src/main/AndroidManifest.xml:25:15-52
50            <!--
51                 Displays an Android View that continues showing the launch screen
52                 Drawable until Flutter paints its first frame, then this splash
53                 screen fades out. A splash screen is useful to avoid any visual
54                 gap between the end of Android's launch screen and the painting of
55                 Flutter's first frame.
56            -->
57            <meta-data
57-->src/main/AndroidManifest.xml:32:13-35:17
58                android:name="io.flutter.embedding.android.SplashScreenDrawable"
58-->src/main/AndroidManifest.xml:33:15-79
59                android:resource="@drawable/launch_background" />
59-->src/main/AndroidManifest.xml:34:15-61
60
61            <intent-filter>
61-->src/main/AndroidManifest.xml:36:13-39:29
62                <action android:name="android.intent.action.MAIN" />
62-->src/main/AndroidManifest.xml:37:17-68
62-->src/main/AndroidManifest.xml:37:25-66
63
64                <category android:name="android.intent.category.LAUNCHER" />
64-->src/main/AndroidManifest.xml:38:17-76
64-->src/main/AndroidManifest.xml:38:27-74
65            </intent-filter>
66        </activity>
67        <!--
68             Don't delete the meta-data below.
69             This is used by the Flutter tool to generate GeneratedPluginRegistrant.java
70        -->
71        <meta-data
71-->src/main/AndroidManifest.xml:43:9-45:33
72            android:name="flutterEmbedding"
72-->src/main/AndroidManifest.xml:44:13-44
73            android:value="2" />
73-->src/main/AndroidManifest.xml:45:13-30
74        <meta-data
74-->src/main/AndroidManifest.xml:46:9-48:35
75            android:name="com.google.firebase.ml.vision.DEPENDENCIES"
75-->src/main/AndroidManifest.xml:47:13-70
76            android:value="ocr" />
76-->src/main/AndroidManifest.xml:48:13-32
77
78        <service
78-->[:firebase_ml_vision] AndroidManifest.xml:8:9-12:19
79            android:name="com.google.firebase.components.ComponentDiscoveryService"
79-->[:firebase_ml_vision] AndroidManifest.xml:8:18-89
80            android:exported="false" >
80-->[com.google.firebase:firebase-iid:18.0.0] AndroidManifest.xml:31:13-37
81            <meta-data
81-->[:firebase_ml_vision] AndroidManifest.xml:9:13-11:85
82                android:name="com.google.firebase.components:io.flutter.plugins.firebasemlvision.FlutterFirebaseAppRegistrar"
82-->[:firebase_ml_vision] AndroidManifest.xml:10:17-126
83                android:value="com.google.firebase.components.ComponentRegistrar" />
83-->[:firebase_ml_vision] AndroidManifest.xml:11:17-82
84            <meta-data
84-->[com.google.firebase:firebase-iid:18.0.0] AndroidManifest.xml:32:13-34:85
85                android:name="com.google.firebase.components:com.google.firebase.iid.Registrar"
85-->[com.google.firebase:firebase-iid:18.0.0] AndroidManifest.xml:33:17-96
86                android:value="com.google.firebase.components.ComponentRegistrar" />
86-->[com.google.firebase:firebase-iid:18.0.0] AndroidManifest.xml:34:17-82
87        </service>
88
89        <provider
89-->[:image_picker] AndroidManifest.xml:11:9-19:20
90            android:name="io.flutter.plugins.imagepicker.ImagePickerFileProvider"
90-->[:image_picker] AndroidManifest.xml:12:13-82
91            android:authorities="com.example.image_to_text_converter.flutter.image_provider"
91-->[:image_picker] AndroidManifest.xml:13:13-74
92            android:exported="false"
92-->[:image_picker] AndroidManifest.xml:14:13-37
93            android:grantUriPermissions="true" >
93-->[:image_picker] AndroidManifest.xml:15:13-47
94            <meta-data
94-->[:image_picker] AndroidManifest.xml:16:13-18:75
95                android:name="android.support.FILE_PROVIDER_PATHS"
95-->[:image_picker] AndroidManifest.xml:17:17-67
96                android:resource="@xml/flutter_image_picker_file_paths" />
96-->[:image_picker] AndroidManifest.xml:18:17-72
97        </provider>
98
99        <receiver
99-->[com.google.firebase:firebase-iid:18.0.0] AndroidManifest.xml:37:9-44:20
100            android:name="com.google.firebase.iid.FirebaseInstanceIdReceiver"
100-->[com.google.firebase:firebase-iid:18.0.0] AndroidManifest.xml:38:13-78
101            android:exported="true"
101-->[com.google.firebase:firebase-iid:18.0.0] AndroidManifest.xml:39:13-36
102            android:permission="com.google.android.c2dm.permission.SEND" >
102-->[com.google.firebase:firebase-iid:18.0.0] AndroidManifest.xml:40:13-73
103            <intent-filter>
103-->[com.google.firebase:firebase-iid:18.0.0] AndroidManifest.xml:41:13-43:29
104                <action android:name="com.google.android.c2dm.intent.RECEIVE" />
104-->[com.google.firebase:firebase-iid:18.0.0] AndroidManifest.xml:42:17-81
104-->[com.google.firebase:firebase-iid:18.0.0] AndroidManifest.xml:42:25-78
105            </intent-filter>
106        </receiver>
107
108        <activity
108-->[com.google.android.gms:play-services-base:16.0.1] AndroidManifest.xml:23:9-26:75
109            android:name="com.google.android.gms.common.api.GoogleApiActivity"
109-->[com.google.android.gms:play-services-base:16.0.1] AndroidManifest.xml:24:13-79
110            android:exported="false"
110-->[com.google.android.gms:play-services-base:16.0.1] AndroidManifest.xml:25:13-37
111            android:theme="@android:style/Theme.Translucent.NoTitleBar" />
111-->[com.google.android.gms:play-services-base:16.0.1] AndroidManifest.xml:26:13-72
112
113        <provider
113-->[com.google.firebase:firebase-common:17.0.0] AndroidManifest.xml:12:9-16:39
114            android:name="com.google.firebase.provider.FirebaseInitProvider"
114-->[com.google.firebase:firebase-common:17.0.0] AndroidManifest.xml:13:13-77
115            android:authorities="com.example.image_to_text_converter.firebaseinitprovider"
115-->[com.google.firebase:firebase-common:17.0.0] AndroidManifest.xml:14:13-72
116            android:exported="false"
116-->[com.google.firebase:firebase-common:17.0.0] AndroidManifest.xml:15:13-37
117            android:initOrder="100" />
117-->[com.google.firebase:firebase-common:17.0.0] AndroidManifest.xml:16:13-36
118
119        <meta-data
119-->[com.google.android.gms:play-services-basement:16.1.0] AndroidManifest.xml:23:9-25:69
120            android:name="com.google.android.gms.version"
120-->[com.google.android.gms:play-services-basement:16.1.0] AndroidManifest.xml:24:13-58
121            android:value="@integer/google_play_services_version" />
121-->[com.google.android.gms:play-services-basement:16.1.0] AndroidManifest.xml:25:13-66
122    </application>
123
124</manifest>